Traceback (most recent call last):
  File "/home/runner/.local/lib/python3.10/site-packages/jupyter_core/utils/__init__.py", line 154, in wrapped
    asyncio.get_running_loop()
RuntimeError: no running event loop

During handling of the above exception, another exception occurred:

Traceback (most recent call last):
  File "/home/runner/.local/lib/python3.10/site-packages/jupyter_cache/executors/utils.py", line 58, in single_nb_execution
    executenb(
  File "/home/runner/.local/lib/python3.10/site-packages/nbclient/client.py", line 1319, in execute
    return NotebookClient(nb=nb, resources=resources, km=km, **kwargs).execute()
  File "/home/runner/.local/lib/python3.10/site-packages/jupyter_core/utils/__init__.py", line 158, in wrapped
    return loop.run_until_complete(inner)
  File "/usr/lib/python3.10/asyncio/base_events.py", line 649, in run_until_complete
    return future.result()
  File "/home/runner/.local/lib/python3.10/site-packages/nbclient/client.py", line 709, in async_execute
    await self.async_execute_cell(
  File "/home/runner/.local/lib/python3.10/site-packages/nbclient/client.py", line 1062, in async_execute_cell
    await self._check_raise_for_error(cell, cell_index, exec_reply)
  File "/home/runner/.local/lib/python3.10/site-packages/nbclient/client.py", line 918, in _check_raise_for_error
    raise CellExecutionError.from_cell_and_msg(cell, exec_reply_content)
nbclient.exceptions.CellExecutionError: An error occurred while executing the following cell:
------------------
# Import the necessary libraries

import matplotlib.pyplot as plt 
import os 
from pathlib import Path
from niwrap_workbench.workbench import (cifti_math, cifti_math_var_params, cifti_separate, cifti_separate_metric_params, 
                                        cifti_stats, metric_smoothing, cifti_create_dense_scalar, cifti_create_dense_scalar_left_metric_params, cifti_create_dense_scalar_right_metric_params,
                                        cifti_parcellate, file_information, cifti_label_export_table)
import re
import pandas as pd
from nilearn import plotting, surface
import nibabel as nib
import numpy as np
------------------


[0;31m---------------------------------------------------------------------------[0m
[0;31mAttributeError[0m                            Traceback (most recent call last)
Cell [0;32mIn[4], line 6[0m
[1;32m      4[0m [38;5;28;01mimport[39;00m[38;5;250m [39m[38;5;21;01mos[39;00m 
[1;32m      5[0m [38;5;28;01mfrom[39;00m[38;5;250m [39m[38;5;21;01mpathlib[39;00m[38;5;250m [39m[38;5;28;01mimport[39;00m Path
[0;32m----> 6[0m [38;5;28;01mfrom[39;00m[38;5;250m [39m[38;5;21;01mniwrap_workbench[39;00m[38;5;21;01m.[39;00m[38;5;21;01mworkbench[39;00m[38;5;250m [39m[38;5;28;01mimport[39;00m (cifti_math, cifti_math_var_params, cifti_separate, cifti_separate_metric_params, 
[1;32m      7[0m                                         cifti_stats, metric_smoothing, cifti_create_dense_scalar, cifti_create_dense_scalar_left_metric_params, cifti_create_dense_scalar_right_metric_params,
[1;32m      8[0m                                         cifti_parcellate, file_information, cifti_label_export_table)
[1;32m      9[0m [38;5;28;01mimport[39;00m[38;5;250m [39m[38;5;21;01mre[39;00m
[1;32m     10[0m [38;5;28;01mimport[39;00m[38;5;250m [39m[38;5;21;01mpandas[39;00m[38;5;250m [39m[38;5;28;01mas[39;00m[38;5;250m [39m[38;5;21;01mpd[39;00m

File [0;32m~/.local/lib/python3.10/site-packages/niwrap_workbench/workbench/__init__.py:17[0m
[1;32m     13[0m [38;5;66;03m# This file was auto generated by Styx.[39;00m
[1;32m     14[0m [38;5;66;03m# Do not edit this file directly.[39;00m
[1;32m     16[0m [38;5;28;01mfrom[39;00m[38;5;250m [39m[38;5;21;01m.[39;00m[38;5;21;01madd_to_spec_file[39;00m[38;5;250m [39m[38;5;28;01mimport[39;00m [38;5;241m*[39m
[0;32m---> 17[0m [38;5;28;01mfrom[39;00m[38;5;250m [39m[38;5;21;01m.[39;00m[38;5;21;01mannotation_resample[39;00m[38;5;250m [39m[38;5;28;01mimport[39;00m [38;5;241m*[39m
[1;32m     18[0m [38;5;28;01mfrom[39;00m[38;5;250m [39m[38;5;21;01m.[39;00m[38;5;21;01mbackend_average_dense_roi[39;00m[38;5;250m [39m[38;5;28;01mimport[39;00m [38;5;241m*[39m
[1;32m     19[0m [38;5;28;01mfrom[39;00m[38;5;250m [39m[38;5;21;01m.[39;00m[38;5;21;01mbackend_average_roi_correlation[39;00m[38;5;250m [39m[38;5;28;01mimport[39;00m [38;5;241m*[39m

File [0;32m~/.local/lib/python3.10/site-packages/niwrap_workbench/workbench/annotation_resample.py:27[0m
[1;32m      8[0m ANNOTATION_RESAMPLE_METADATA [38;5;241m=[39m Metadata(
[1;32m      9[0m     [38;5;28mid[39m[38;5;241m=[39m[38;5;124m"[39m[38;5;124m2c6cadad264ac128829e478e77f82b0c84d405b7.boutiques[39m[38;5;124m"[39m,
[1;32m     10[0m     name[38;5;241m=[39m[38;5;124m"[39m[38;5;124mannotation-resample[39m[38;5;124m"[39m,
[1;32m     11[0m     package[38;5;241m=[39m[38;5;124m"[39m[38;5;124mworkbench[39m[38;5;124m"[39m,
[1;32m     12[0m     container_image_tag[38;5;241m=[39m[38;5;124m"[39m[38;5;124mbrainlife/connectome_workbench:1.5.0-freesurfer-update[39m[38;5;124m"[39m,
[1;32m     13[0m )
[1;32m     16[0m AnnotationResampleSurfacePairParameters [38;5;241m=[39m typing[38;5;241m.[39mTypedDict([38;5;124m'[39m[38;5;124mAnnotationResampleSurfacePairParameters[39m[38;5;124m'[39m, {
[1;32m     17[0m     [38;5;124m"[39m[38;5;124m__STYX_TYPE__[39m[38;5;124m"[39m: typing[38;5;241m.[39mLiteral[[38;5;124m"[39m[38;5;124msurface_pair[39m[38;5;124m"[39m],
[1;32m     18[0m     [38;5;124m"[39m[38;5;124msource_surface[39m[38;5;124m"[39m: InputPathType,
[1;32m     19[0m     [38;5;124m"[39m[38;5;124mtarget_surface[39m[38;5;124m"[39m: InputPathType,
[1;32m     20[0m })
[1;32m     23[0m AnnotationResampleParameters [38;5;241m=[39m typing[38;5;241m.[39mTypedDict([38;5;124m'[39m[38;5;124mAnnotationResampleParameters[39m[38;5;124m'[39m, {
[1;32m     24[0m     [38;5;124m"[39m[38;5;124m__STYX_TYPE__[39m[38;5;124m"[39m: typing[38;5;241m.[39mLiteral[[38;5;124m"[39m[38;5;124mannotation-resample[39m[38;5;124m"[39m],
[1;32m     25[0m     [38;5;124m"[39m[38;5;124mannotation_in[39m[38;5;124m"[39m: InputPathType,
[1;32m     26[0m     [38;5;124m"[39m[38;5;124mannotation_out[39m[38;5;124m"[39m: [38;5;28mstr[39m,
[0;32m---> 27[0m     [38;5;124m"[39m[38;5;124msurface_pair[39m[38;5;124m"[39m: [43mtyping[49m[38;5;241;43m.[39;49m[43mNotRequired[49m[[38;5;28mlist[39m[AnnotationResampleSurfacePairParameters] [38;5;241m|[39m [38;5;28;01mNone[39;00m],
[1;32m     28[0m })
[1;32m     31[0m [38;5;28;01mdef[39;00m[38;5;250m [39m[38;5;21mdyn_cargs[39m(
[1;32m     32[0m     t: [38;5;28mstr[39m,
[1;32m     33[0m ) [38;5;241m-[39m[38;5;241m>[39m typing[38;5;241m.[39mAny:
[1;32m     34[0m [38;5;250m    [39m[38;5;124;03m"""[39;00m
[1;32m     35[0m [38;5;124;03m    Get build cargs function by command type.[39;00m
[1;32m     36[0m [38;5;124;03m    [39;00m
[0;32m   (...)[0m
[1;32m     40[0m [38;5;124;03m        Build cargs function.[39;00m
[1;32m     41[0m [38;5;124;03m    """[39;00m

[0;31mAttributeError[0m: module 'typing' has no attribute 'NotRequired'

